#
# A fatal error has been detected by the Java Runtime Environment:
#
#  SIGSEGV (0xb) at pc=0x000000010bbc8cc0, pid=2948, tid=13059
#
# JRE version: Java(TM) SE Runtime Environment (11.0.2+9) (build 11.0.2+9-LTS)
# Java VM: Java HotSpot(TM) 64-Bit Server VM (11.0.2+9-LTS, mixed mode, tiered, compressed oops, g1 gc, bsd-amd64)
# Problematic frame:
# V  [libjvm.dylib+0x25ccc0]  ConstantPool::impl_name_and_type_ref_index_at(int, bool)+0x1c
#
# No core dump will be written. Core dumps have been disabled. To enable core dumping, try "ulimit -c unlimited" before starting Java again
#
# If you would like to submit a bug report, please visit:
#   http://bugreport.java.com/bugreport/crash.jsp
#

---------------  S U M M A R Y ------------

Command Line: -agentlib:jdwp=transport=dt_socket,suspend=y,address=localhost:53026 -ea -Dfile.encoding=UTF-8 org.testng.remote.RemoteTestNG -serport 53025 -protocol json -d /Users/perry.gami/eclipse/My Automation/Cloud/APITestingRestassured/test-output /var/folders/_b/ztl7v0w10p70ljr10hyfzv8w0000gp/T/testng-eclipse-2065361062/testng-customsuite.xml

Host: iMac14,2 x86_64 3600 MHz, 4 cores, 12G, Darwin 18.7.0
Time: Wed Nov  6 16:39:53 2019 IST elapsed time: 1036 seconds (0d 0h 17m 16s)

---------------  T H R E A D  ---------------

Current thread (0x00007f8fab089000):  VMThread "VM Thread" [stack: 0x0000700004691000,0x0000700004791000] [id=13059]

Stack: [0x0000700004691000,0x0000700004791000],  sp=0x0000700004790220,  free space=1020k
Native frames: (J=compiled Java code, A=aot compiled Java code, j=interpreted, Vv=VM code, C=native code)
V  [libjvm.dylib+0x25ccc0]  ConstantPool::impl_name_and_type_ref_index_at(int, bool)+0x1c
V  [libjvm.dylib+0x25cd2d]  ConstantPool::impl_signature_ref_at(int, bool)+0x11
V  [libjvm.dylib+0x350344]  GenerateOopMap::do_method(int, int, int, int)+0x40
V  [libjvm.dylib+0x34ea48]  GenerateOopMap::interp_bb(BasicBlock*)+0xe4
V  [libjvm.dylib+0x34e760]  GenerateOopMap::interp_all()+0x3c
V  [libjvm.dylib+0x34e411]  GenerateOopMap::do_interpretation()+0x4b
V  [libjvm.dylib+0x350bcb]  GenerateOopMap::compute_map(Thread*)+0x165
V  [libjvm.dylib+0x5e77da]  OopMapForCacheEntry::compute_map(Thread*)+0x54
V  [libjvm.dylib+0x5e7fb0]  OopMapCacheEntry::fill(methodHandle const&, int)+0xac
V  [libjvm.dylib+0x5e88d9]  OopMapCache::compute_one_oop_map(methodHandle const&, int, InterpreterOopMap*)+0x5d
V  [libjvm.dylib+0x5ad326]  Method::mask_for(int, InterpreterOopMap*)+0x7e
V  [libjvm.dylib+0x4c4b10]  VM_GetOrSetLocal::doit()+0x48
V  [libjvm.dylib+0x748845]  VM_Operation::evaluate()+0xd5
V  [libjvm.dylib+0x747e5c]  VMThread::evaluate_operation(VM_Operation*)+0x13a
V  [libjvm.dylib+0x7478a9]  VMThread::loop()+0xed
V  [libjvm.dylib+0x7476ce]  VMThread::run()+0x76
V  [libjvm.dylib+0x5f0da3]  thread_native_entry(Thread*)+0x135
C  [libsystem_pthread.dylib+0x32eb]  _pthread_body+0x7e
C  [libsystem_pthread.dylib+0x6249]  _pthread_start+0x42
C  [libsystem_pthread.dylib+0x240d]  thread_start+0xd


siginfo: si_signo: 11 (SIGSEGV), si_code: 1 (SEGV_MAPERR), si_addr: 0x000000012f1fba40

Register to memory mapping:

RAX=0x000000012f0679d8 is pointing into metadata
RBX=0x000000012ec97f38 is pointing into metadata
RCX=0x0000000000194040 is an unknown value
RDX=0x0 is NULL
RSP=0x0000700004790220 points into unknown readable memory: 40 02 79 04 00 70 00 00
RBP=0x0000700004790220 points into unknown readable memory: 40 02 79 04 00 70 00 00
RSI=0x000000000000ca02 is an unknown value
RDI=0x000000012ec97f38 is pointing into metadata
R8 =0x0000000000000004 is an unknown value
R9 =0x000000008fffffff is an unknown value
R10=0x000000008a000000 is an unknown value
R11=0xffffffffffffffe0 is an unknown value
R12=0x000000000000000a is an unknown value
R13=0x0000700004790890 points into unknown readable memory: 38 02 25 0c 01 00 00 00
R14=0x0000000000000001 is an unknown value
R15=0x0000000000000004 is an unknown value


Registers:
RAX=0x000000012f0679d8, RBX=0x000000012ec97f38, RCX=0x0000000000194040, RDX=0x0000000000000000
RSP=0x0000700004790220, RBP=0x0000700004790220, RSI=0x000000000000ca02, RDI=0x000000012ec97f38
R8 =0x0000000000000004, R9 =0x000000008fffffff, R10=0x000000008a000000, R11=0xffffffffffffffe0
R12=0x000000000000000a, R13=0x0000700004790890, R14=0x0000000000000001, R15=0x0000000000000004
RIP=0x000000010bbc8cc0, EFLAGS=0x0000000000010202, ERR=0x0000000000000004
  TRAPNO=0x000000000000000e

Top of Stack: (sp=0x0000700004790220)
0x0000700004790220:   0000700004790240 000000010bbc8d2d
0x0000700004790230:   000000012ec98618 0000700004790890
0x0000700004790240:   00007000047906d0 000000010bcbc344
0x0000700004790250:   0000000000000000 0000700004790698
0x0000700004790260:   00007fff785c3169 0000000000000000
0x0000700004790270:   0000000000000001 0000000000000001
0x0000700004790280:   0000700004790710 000000010c12f6b3
0x0000700004790290:   0000000000000001 000000011146a418
0x00007000047902a0:   0000000000000002 4fffffff0000000e
0x00007000047902b0:   0000000000000000 0000000000000003
0x00007000047902c0:   4fffffff4fffffff 00007f8f4fffffff
0x00007000047902d0:   0000700004790310 000000010bf538cb
0x00007000047902e0:   0000000000000001 0000000000000000
0x00007000047902f0:   0000000000000000 0000700004790698
0x0000700004790300:   0000700004790310 0000000000000000
0x0000700004790310:   000000010c12f6ca 0000000000000008
0x0000700004790320:   00007000047904cf 0000000000000001
0x0000700004790330:   00007000047907c0 000000010bcbc46b
0x0000700004790340:   000000010c26d620 000000011146a418
0x0000700004790350:   0000000000000002 00007f8f0000000e
0x0000700004790360:   0000700004790370 0000000000000001
0x0000700004790370:   4fffffff4fffffff 2fffffff4fffffff
0x0000700004790380:   4fffffff4fffffff 4fffffff4fffffff
0x0000700004790390:   4fffffff4fffffff 000000010c24c4a8
0x00007000047903a0:   0000700004790480 000000010bf65ba7
0x00007000047903b0:   00007f8f00000000 00007fff786a1bbb
0x00007000047903c0:   0000000000000000 0000700004790970
0x00007000047903d0:   0000700004790978 000000000000002d
0x00007000047903e0:   ffffffffffffffff 0000000300000000
0x00007000047903f0:   0000700004790440 00007fff7857c12e
0x0000700004790400:   0000700004790550 0000000000580000
0x0000700004790410:   0000000000000000 0000000000000000 

Instructions: (pc=0x000000010bbc8cc0)
0x000000010bbc8ca0:   c7 40 5d c3 55 48 89 e5 84 d2 75 1e 48 8b 47 10
0x000000010bbc8cb0:   48 85 c0 74 15 85 f6 78 49 48 63 ce 48 c1 e1 05
0x000000010bbc8cc0:   48 8b 44 08 28 0f b7 f0 eb 2a 48 8b 4f 08 48 63
0x000000010bbc8cd0:   c6 8a 4c 01 04 80 f9 12 74 1d 48 8b 4f 08 8a 4c 

Stack slot to memory mapping:
stack at sp + 0 slots: 0x0000700004790240 points into unknown readable memory: d0 06 79 04 00 70 00 00
stack at sp + 1 slots: 0x000000010bbc8d2d: _ZN12ConstantPool21impl_signature_ref_atEib+0x11 in /Library/Java/JavaVirtualMachines/jdk-11.0.2.jdk/Contents/Home/lib/server/libjvm.dylib at 0x000000010b96c000
stack at sp + 2 slots: 0x000000012ec98618 is pointing into metadata
stack at sp + 3 slots: 0x0000700004790890 points into unknown readable memory: 38 02 25 0c 01 00 00 00
stack at sp + 4 slots: 0x00007000047906d0 points into unknown readable memory: 40 07 79 04 00 70 00 00
stack at sp + 5 slots: 0x000000010bcbc344: _ZN14GenerateOopMap9do_methodEiiii+0x40 in /Library/Java/JavaVirtualMachines/jdk-11.0.2.jdk/Contents/Home/lib/server/libjvm.dylib at 0x000000010b96c000
stack at sp + 6 slots: 0x0 is NULL
stack at sp + 7 slots: 0x0000700004790698 points into unknown readable memory: d1 91 cb 0b 01 00 00 00

VM_Operation (0x0000700004ea59c0): GetOrSetLocal, mode: safepoint, requested by thread 0x00007f8faa014000


---------------  P R O C E S S  ---------------

Threads class SMR info:
_java_thread_list=0x00007f8fa9f33d50, length=13, elements={
0x00007f8fab806000, 0x00007f8fab091000, 0x00007f8fab094000, 0x00007f8faa01b800,
0x00007f8faa82e000, 0x00007f8faa82e800, 0x00007f8faa03c800, 0x00007f8faa014000,
0x00007f8faa015000, 0x00007f8fab116800, 0x00007f8faa8a3000, 0x00007f8faa06a800,
0x00007f8fab9a3000
}

Java Threads: ( => current thread )
  0x00007f8fab806000 JavaThread "main" [_thread_blocked, id=6659, stack(0x000070000407f000,0x000070000417f000)]
  0x00007f8fab091000 JavaThread "Reference Handler" daemon [_thread_blocked, id=18435, stack(0x0000700004794000,0x0000700004894000)]
  0x00007f8fab094000 JavaThread "Finalizer" daemon [_thread_blocked, id=13315, stack(0x0000700004897000,0x0000700004997000)]
  0x00007f8faa01b800 JavaThread "Signal Dispatcher" daemon [_thread_blocked, id=15107, stack(0x000070000499a000,0x0000700004a9a000)]
  0x00007f8faa82e000 JavaThread "C2 CompilerThread0" daemon [_thread_blocked, id=16643, stack(0x0000700004a9d000,0x0000700004b9d000)]
  0x00007f8faa82e800 JavaThread "C1 CompilerThread0" daemon [_thread_blocked, id=15875, stack(0x0000700004ba0000,0x0000700004ca0000)]
  0x00007f8faa03c800 JavaThread "Sweeper thread" daemon [_thread_blocked, id=43011, stack(0x0000700004ca3000,0x0000700004da3000)]
  0x00007f8faa014000 JavaThread "JDWP Transport Listener: dt_socket" daemon [_thread_blocked, id=42499, stack(0x0000700004da6000,0x0000700004ea6000)] _threads_hazard_ptr=0x00007f8fa9f33d50
  0x00007f8faa015000 JavaThread "JDWP Event Helper Thread" daemon [_thread_blocked, id=41987, stack(0x0000700004ea9000,0x0000700004fa9000)]
  0x00007f8fab116800 JavaThread "JDWP Command Reader" daemon [_thread_in_native, id=41475, stack(0x0000700004fac000,0x00007000050ac000)]
  0x00007f8faa8a3000 JavaThread "Service Thread" daemon [_thread_blocked, id=40707, stack(0x00007000050af000,0x00007000051af000)]
  0x00007f8faa06a800 JavaThread "Common-Cleaner" daemon [_thread_blocked, id=23555, stack(0x00007000052b5000,0x00007000053b5000)]
  0x00007f8fab9a3000 JavaThread "ReaderThread" [_thread_in_native, id=24579, stack(0x00007000056c1000,0x00007000057c1000)]

Other Threads:
=>0x00007f8fab089000 VMThread "VM Thread" [stack: 0x0000700004691000,0x0000700004791000] [id=13059]
  0x00007f8fab117800 WatcherThread [stack: 0x00007000051b2000,0x00007000052b2000] [id=40451]
  0x00007f8fab008000 GCTaskThread "GC Thread#0" [stack: 0x0000700004182000,0x0000700004282000] [id=20483]
  0x00007f8fab118000 GCTaskThread "GC Thread#1" [stack: 0x00007000053b8000,0x00007000054b8000] [id=39939]
  0x00007f8fab144000 GCTaskThread "GC Thread#2" [stack: 0x00007000054bb000,0x00007000055bb000] [id=39683]
  0x00007f8fab145000 GCTaskThread "GC Thread#3" [stack: 0x00007000055be000,0x00007000056be000] [id=24067]
  0x00007f8fab83d800 ConcurrentGCThread "G1 Main Marker" [stack: 0x0000700004285000,0x0000700004385000] [id=11779]
  0x00007f8faa00c800 ConcurrentGCThread "G1 Conc#0" [stack: 0x0000700004388000,0x0000700004488000] [id=19971]
  0x00007f8fab078800 ConcurrentGCThread "G1 Refine#0" [stack: 0x000070000448b000,0x000070000458b000] [id=19715]
  0x00007f8faa00d000 ConcurrentGCThread "G1 Young RemSet Sampling" [stack: 0x000070000458e000,0x000070000468e000] [id=19459]

Threads with active compile tasks:

VM state:at safepoint (normal execution)

VM Mutex/Monitor currently owned by a thread:  ([mutex/lock_event])
[0x00007f8fa9f01e80] Threads_lock - owner thread: 0x00007f8fab089000

Heap address: 0x0000000740000000, size: 3072 MB, Compressed Oops mode: Zero based, Oop shift amount: 3
Narrow klass base: 0x0000000800000000, Narrow klass shift: 0
Compressed class space size: 1073741824 Address: 0x0000000800000000

Heap:
 garbage-first heap   total 196608K, used 9017K [0x0000000740000000, 0x0000000800000000)
  region size 1024K, 4 young (4096K), 2 survivors (2048K)
 Metaspace       used 13042K, capacity 13217K, committed 13440K, reserved 1060864K
  class space    used 1259K, capacity 1298K, committed 1408K, reserved 1048576K
Heap Regions: E=young(eden), S=young(survivor), O=old, HS=humongous(starts), HC=humongous(continues), CS=collection set, F=free, A=archive, TAMS=top-at-mark-start (previous, next)
|   0|0x0000000740000000, 0x0000000740100000, 0x0000000740100000|100%| O|  |TAMS 0x0000000740000000, 0x0000000740000000| Untracked 
|   1|0x0000000740100000, 0x0000000740200000, 0x0000000740200000|100%| O|  |TAMS 0x0000000740100000, 0x0000000740100000| Untracked 
|   2|0x0000000740200000, 0x0000000740300000, 0x0000000740300000|100%| O|  |TAMS 0x0000000740200000, 0x0000000740200000| Untracked 
|   3|0x0000000740300000, 0x0000000740400000, 0x0000000740400000|100%| O|  |TAMS 0x0000000740300000, 0x0000000740300000| Untracked 
|   4|0x0000000740400000, 0x0000000740500000, 0x0000000740500000|100%| O|  |TAMS 0x0000000740400000, 0x0000000740400000| Untracked 
|   5|0x0000000740500000, 0x0000000740600000, 0x0000000740600000|100%| O|  |TAMS 0x0000000740500000, 0x0000000740500000| Untracked 
|   6|0x0000000740600000, 0x0000000740619200, 0x0000000740700000|  9%| O|  |TAMS 0x0000000740600000, 0x0000000740600000| Untracked 
|   7|0x0000000740700000, 0x0000000740700000, 0x0000000740800000|  0%| F|  |TAMS 0x0000000740700000, 0x0000000740700000| Untracked 
|   8|0x0000000740800000, 0x0000000740800000, 0x0000000740900000|  0%| F|  |TAMS 0x0000000740800000, 0x0000000740800000| Untracked 
|   9|0x0000000740900000, 0x0000000740900000, 0x0000000740a00000|  0%| F|  |TAMS 0x0000000740900000, 0x0000000740900000| Untracked 
|  10|0x0000000740a00000, 0x0000000740a00000, 0x0000000740b00000|  0%| F|  |TAMS 0x0000000740a00000, 0x0000000740a00000| Untracked 
|  11|0x0000000740b00000, 0x0000000740b00000, 0x0000000740c00000|  0%| F|  |TAMS 0x0000000740b00000, 0x0000000740b00000| Untracked 
|  12|0x0000000740c00000, 0x0000000740c00000, 0x0000000740d00000|  0%| F|  |TAMS 0x0000000740c00000, 0x0000000740c00000| Untracked 
|  13|0x0000000740d00000, 0x0000000740d00000, 0x0000000740e00000|  0%| F|  |TAMS 0x0000000740d00000, 0x0000000740d00000| Untracked 
|  14|0x0000000740e00000, 0x0000000740e00000, 0x0000000740f00000|  0%| F|  |TAMS 0x0000000740e00000, 0x0000000740e00000| Untracked 
|  15|0x0000000740f00000, 0x0000000740f00000, 0x0000000741000000|  0%| F|  |TAMS 0x0000000740f00000, 0x0000000740f00000| Untracked 
|  16|0x0000000741000000, 0x0000000741000000, 0x0000000741100000|  0%| F|  |TAMS 0x0000000741000000, 0x0000000741000000| Untracked 
|  17|0x0000000741100000, 0x0000000741100000, 0x0000000741200000|  0%| F|  |TAMS 0x0000000741100000, 0x0000000741100000| Untracked 
|  18|0x0000000741200000, 0x0000000741200000, 0x0000000741300000|  0%| F|  |TAMS 0x0000000741200000, 0x0000000741200000| Untracked 
|  19|0x0000000741300000, 0x0000000741300000, 0x0000000741400000|  0%| F|  |TAMS 0x0000000741300000, 0x0000000741300000| Untracked 
|  20|0x0000000741400000, 0x0000000741400000, 0x0000000741500000|  0%| F|  |TAMS 0x0000000741400000, 0x0000000741400000| Untracked 
|  21|0x0000000741500000, 0x0000000741500000, 0x0000000741600000|  0%| F|  |TAMS 0x0000000741500000, 0x0000000741500000| Untracked 
|  22|0x0000000741600000, 0x0000000741600000, 0x0000000741700000|  0%| F|  |TAMS 0x0000000741600000, 0x0000000741600000| Untracked 
|  23|0x0000000741700000, 0x0000000741700000, 0x0000000741800000|  0%| F|  |TAMS 0x0000000741700000, 0x0000000741700000| Untracked 
|  24|0x0000000741800000, 0x0000000741800000, 0x0000000741900000|  0%| F|  |TAMS 0x0000000741800000, 0x0000000741800000| Untracked 
|  25|0x0000000741900000, 0x0000000741900000, 0x0000000741a00000|  0%| F|  |TAMS 0x0000000741900000, 0x0000000741900000| Untracked 
|  26|0x0000000741a00000, 0x0000000741a00000, 0x0000000741b00000|  0%| F|  |TAMS 0x0000000741a00000, 0x0000000741a00000| Untracked 
|  27|0x0000000741b00000, 0x0000000741b00000, 0x0000000741c00000|  0%| F|  |TAMS 0x0000000741b00000, 0x0000000741b00000| Untracked 
|  28|0x0000000741c00000, 0x0000000741c00000, 0x0000000741d00000|  0%| F|  |TAMS 0x0000000741c00000, 0x0000000741c00000| Untracked 
|  29|0x0000000741d00000, 0x0000000741d00000, 0x0000000741e00000|  0%| F|  |TAMS 0x0000000741d00000, 0x0000000741d00000| Untracked 
|  30|0x0000000741e00000, 0x0000000741e00000, 0x0000000741f00000|  0%| F|  |TAMS 0x0000000741e00000, 0x0000000741e00000| Untracked 
|  31|0x0000000741f00000, 0x0000000741f00000, 0x0000000742000000|  0%| F|  |TAMS 0x0000000741f00000, 0x0000000741f00000| Untracked 
|  32|0x0000000742000000, 0x0000000742000000, 0x0000000742100000|  0%| F|  |TAMS 0x0000000742000000, 0x0000000742000000| Untracked 
|  33|0x0000000742100000, 0x0000000742100000, 0x0000000742200000|  0%| F|  |TAMS 0x0000000742100000, 0x0000000742100000| Untracked 
|  34|0x0000000742200000, 0x0000000742200000, 0x0000000742300000|  0%| F|  |TAMS 0x0000000742200000, 0x0000000742200000| Untracked 
|  35|0x0000000742300000, 0x0000000742300000, 0x0000000742400000|  0%| F|  |TAMS 0x0000000742300000, 0x0000000742300000| Untracked 
|  36|0x0000000742400000, 0x0000000742400000, 0x0000000742500000|  0%| F|  |TAMS 0x0000000742400000, 0x0000000742400000| Untracked 
|  37|0x0000000742500000, 0x0000000742500000, 0x0000000742600000|  0%| F|  |TAMS 0x0000000742500000, 0x0000000742500000| Untracked 
|  38|0x0000000742600000, 0x0000000742600000, 0x0000000742700000|  0%| F|  |TAMS 0x0000000742600000, 0x0000000742600000| Untracked 
|  39|0x0000000742700000, 0x0000000742700000, 0x0000000742800000|  0%| F|  |TAMS 0x0000000742700000, 0x0000000742700000| Untracked 
|  40|0x0000000742800000, 0x0000000742800000, 0x0000000742900000|  0%| F|  |TAMS 0x0000000742800000, 0x0000000742800000| Untracked 
|  41|0x0000000742900000, 0x0000000742900000, 0x0000000742a00000|  0%| F|  |TAMS 0x0000000742900000, 0x0000000742900000| Untracked 
|  42|0x0000000742a00000, 0x0000000742a00000, 0x0000000742b00000|  0%| F|  |TAMS 0x0000000742a00000, 0x0000000742a00000| Untracked 
|  43|0x0000000742b00000, 0x0000000742b00000, 0x0000000742c00000|  0%| F|  |TAMS 0x0000000742b00000, 0x0000000742b00000| Untracked 
|  44|0x0000000742c00000, 0x0000000742c00000, 0x0000000742d00000|  0%| F|  |TAMS 0x0000000742c00000, 0x0000000742c00000| Untracked 
|  45|0x0000000742d00000, 0x0000000742d00000, 0x0000000742e00000|  0%| F|  |TAMS 0x0000000742d00000, 0x0000000742d00000| Untracked 
|  46|0x0000000742e00000, 0x0000000742e00000, 0x0000000742f00000|  0%| F|  |TAMS 0x0000000742e00000, 0x0000000742e00000| Untracked 
|  47|0x0000000742f00000, 0x0000000742f00000, 0x0000000743000000|  0%| F|  |TAMS 0x0000000742f00000, 0x0000000742f00000| Untracked 
|  48|0x0000000743000000, 0x0000000743000000, 0x0000000743100000|  0%| F|  |TAMS 0x0000000743000000, 0x0000000743000000| Untracked 
|  49|0x0000000743100000, 0x0000000743100000, 0x0000000743200000|  0%| F|  |TAMS 0x0000000743100000, 0x0000000743100000| Untracked 
|  50|0x0000000743200000, 0x0000000743200000, 0x0000000743300000|  0%| F|  |TAMS 0x0000000743200000, 0x0000000743200000| Untracked 
|  51|0x0000000743300000, 0x0000000743300000, 0x0000000743400000|  0%| F|  |TAMS 0x0000000743300000, 0x0000000743300000| Untracked 
|  52|0x0000000743400000, 0x0000000743400000, 0x0000000743500000|  0%| F|  |TAMS 0x0000000743400000, 0x0000000743400000| Untracked 
|  53|0x0000000743500000, 0x0000000743500000, 0x0000000743600000|  0%| F|  |TAMS 0x0000000743500000, 0x0000000743500000| Untracked 
|  54|0x0000000743600000, 0x0000000743600000, 0x0000000743700000|  0%| F|  |TAMS 0x0000000743600000, 0x0000000743600000| Untracked 
|  55|0x0000000743700000, 0x0000000743700000, 0x0000000743800000|  0%| F|  |TAMS 0x0000000743700000, 0x0000000743700000| Untracked 
|  56|0x0000000743800000, 0x0000000743800000, 0x0000000743900000|  0%| F|  |TAMS 0x0000000743800000, 0x0000000743800000| Untracked 
|  57|0x0000000743900000, 0x0000000743900000, 0x0000000743a00000|  0%| F|  |TAMS 0x0000000743900000, 0x0000000743900000| Untracked 
|  58|0x0000000743a00000, 0x0000000743a00000, 0x0000000743b00000|  0%| F|  |TAMS 0x0000000743a00000, 0x0000000743a00000| Untracked 
|  59|0x0000000743b00000, 0x0000000743b00000, 0x0000000743c00000|  0%| F|  |TAMS 0x0000000743b00000, 0x0000000743b00000| Untracked 
|  60|0x0000000743c00000, 0x0000000743c00000, 0x0000000743d00000|  0%| F|  |TAMS 0x0000000743c00000, 0x0000000743c00000| Untracked 
|  61|0x0000000743d00000, 0x0000000743d00000, 0x0000000743e00000|  0%| F|  |TAMS 0x0000000743d00000, 0x0000000743d00000| Untracked 
|  62|0x0000000743e00000, 0x0000000743e00000, 0x0000000743f00000|  0%| F|  |TAMS 0x0000000743e00000, 0x0000000743e00000| Untracked 
|  63|0x0000000743f00000, 0x0000000743f00000, 0x0000000744000000|  0%| F|  |TAMS 0x0000000743f00000, 0x0000000743f00000| Untracked 
|  64|0x0000000744000000, 0x0000000744000000, 0x0000000744100000|  0%| F|  |TAMS 0x0000000744000000, 0x0000000744000000| Untracked 
|  65|0x0000000744100000, 0x0000000744100000, 0x0000000744200000|  0%| F|  |TAMS 0x0000000744100000, 0x0000000744100000| Untracked 
|  66|0x0000000744200000, 0x0000000744200000, 0x0000000744300000|  0%| F|  |TAMS 0x0000000744200000, 0x0000000744200000| Untracked 
|  67|0x0000000744300000, 0x0000000744300000, 0x0000000744400000|  0%| F|  |TAMS 0x0000000744300000, 0x0000000744300000| Untracked 
|  68|0x0000000744400000, 0x0000000744400000, 0x0000000744500000|  0%| F|  |TAMS 0x0000000744400000, 0x0000000744400000| Untracked 
|  69|0x0000000744500000, 0x0000000744500000, 0x0000000744600000|  0%| F|  |TAMS 0x0000000744500000, 0x0000000744500000| Untracked 
|  70|0x0000000744600000, 0x0000000744600000, 0x0000000744700000|  0%| F|  |TAMS 0x0000000744600000, 0x0000000744600000| Untracked 
|  71|0x0000000744700000, 0x0000000744700000, 0x0000000744800000|  0%| F|  |TAMS 0x0000000744700000, 0x0000000744700000| Untracked 
|  72|0x0000000744800000, 0x0000000744800000, 0x0000000744900000|  0%| F|  |TAMS 0x0000000744800000, 0x0000000744800000| Untracked 
|  73|0x0000000744900000, 0x0000000744900000, 0x0000000744a00000|  0%| F|  |TAMS 0x0000000744900000, 0x0000000744900000| Untracked 
|  74|0x0000000744a00000, 0x0000000744a00000, 0x0000000744b00000|  0%| F|  |TAMS 0x0000000744a00000, 0x0000000744a00000| Untracked 
|  75|0x0000000744b00000, 0x0000000744b00000, 0x0000000744c00000|  0%| F|  |TAMS 0x0000000744b00000, 0x0000000744b00000| Untracked 
|  76|0x0000000744c00000, 0x0000000744c00000, 0x0000000744d00000|  0%| F|  |TAMS 0x0000000744c00000, 0x0000000744c00000| Untracked 
|  77|0x0000000744d00000, 0x0000000744d00000, 0x0000000744e00000|  0%| F|  |TAMS 0x0000000744d00000, 0x0000000744d00000| Untracked 
|  78|0x0000000744e00000, 0x0000000744e00000, 0x0000000744f00000|  0%| F|  |TAMS 0x0000000744e00000, 0x0000000744e00000| Untracked 
|  79|0x0000000744f00000, 0x0000000744f00000, 0x0000000745000000|  0%| F|  |TAMS 0x0000000744f00000, 0x0000000744f00000| Untracked 
|  80|0x0000000745000000, 0x0000000745000000, 0x0000000745100000|  0%| F|  |TAMS 0x0000000745000000, 0x0000000745000000| Untracked 
|  81|0x0000000745100000, 0x0000000745100000, 0x0000000745200000|  0%| F|  |TAMS 0x0000000745100000, 0x0000000745100000| Untracked 
|  82|0x0000000745200000, 0x0000000745200000, 0x0000000745300000|  0%| F|  |TAMS 0x0000000745200000, 0x0000000745200000| Untracked 
|  83|0x0000000745300000, 0x0000000745300000, 0x0000000745400000|  0%| F|  |TAMS 0x0000000745300000, 0x0000000745300000| Untracked 
|  84|0x0000000745400000, 0x0000000745400000, 0x0000000745500000|  0%| F|  |TAMS 0x0000000745400000, 0x0000000745400000| Untracked 
|  85|0x0000000745500000, 0x0000000745500000, 0x0000000745600000|  0%| F|  |TAMS 0x0000000745500000, 0x0000000745500000| Untracked 
|  86|0x0000000745600000, 0x0000000745600000, 0x0000000745700000|  0%| F|  |TAMS 0x0000000745600000, 0x0000000745600000| Untracked 
|  87|0x0000000745700000, 0x0000000745700000, 0x0000000745800000|  0%| F|  |TAMS 0x0000000745700000, 0x0000000745700000| Untracked 
|  88|0x0000000745800000, 0x0000000745800000, 0x0000000745900000|  0%| F|  |TAMS 0x0000000745800000, 0x0000000745800000| Untracked 
|  89|0x0000000745900000, 0x0000000745900000, 0x0000000745a00000|  0%| F|  |TAMS 0x0000000745900000, 0x0000000745900000| Untracked 
|  90|0x0000000745a00000, 0x0000000745a00000, 0x0000000745b00000|  0%| F|  |TAMS 0x0000000745a00000, 0x0000000745a00000| Untracked 
|  91|0x0000000745b00000, 0x0000000745b00000, 0x0000000745c00000|  0%| F|  |TAMS 0x0000000745b00000, 0x0000000745b00000| Untracked 
|  92|0x0000000745c00000, 0x0000000745c00000, 0x0000000745d00000|  0%| F|  |TAMS 0x0000000745c00000, 0x0000000745c00000| Untracked 
|  93|0x0000000745d00000, 0x0000000745d00000, 0x0000000745e00000|  0%| F|  |TAMS 0x0000000745d00000, 0x0000000745d00000| Untracked 
|  94|0x0000000745e00000, 0x0000000745e00000, 0x0000000745f00000|  0%| F|  |TAMS 0x0000000745e00000, 0x0000000745e00000| Untracked 
|  95|0x0000000745f00000, 0x0000000745f00000, 0x0000000746000000|  0%| F|  |TAMS 0x0000000745f00000, 0x0000000745f00000| Untracked 
|  96|0x0000000746000000, 0x0000000746000000, 0x0000000746100000|  0%| F|  |TAMS 0x0000000746000000, 0x0000000746000000| Untracked 
|  97|0x0000000746100000, 0x0000000746100000, 0x0000000746200000|  0%| F|  |TAMS 0x0000000746100000, 0x0000000746100000| Untracked 
|  98|0x0000000746200000, 0x0000000746200000, 0x0000000746300000|  0%| F|  |TAMS 0x0000000746200000, 0x0000000746200000| Untracked 
|  99|0x0000000746300000, 0x0000000746300000, 0x0000000746400000|  0%| F|  |TAMS 0x0000000746300000, 0x0000000746300000| Untracked 
| 100|0x0000000746400000, 0x0000000746400000, 0x0000000746500000|  0%| F|  |TAMS 0x0000000746400000, 0x0000000746400000| Untracked 
| 101|0x0000000746500000, 0x0000000746500000, 0x0000000746600000|  0%| F|  |TAMS 0x0000000746500000, 0x0000000746500000| Untracked 
| 102|0x0000000746600000, 0x0000000746600000, 0x0000000746700000|  0%| F|  |TAMS 0x0000000746600000, 0x0000000746600000| Untracked 
| 103|0x0000000746700000, 0x0000000746700000, 0x0000000746800000|  0%| F|  |TAMS 0x0000000746700000, 0x0000000746700000| Untracked 
| 104|0x0000000746800000, 0x0000000746800000, 0x0000000746900000|  0%| F|  |TAMS 0x0000000746800000, 0x0000000746800000| Untracked 
| 105|0x0000000746900000, 0x0000000746900000, 0x0000000746a00000|  0%| F|  |TAMS 0x0000000746900000, 0x0000000746900000| Untracked 
| 106|0x0000000746a00000, 0x0000000746a00000, 0x0000000746b00000|  0%| F|  |TAMS 0x0000000746a00000, 0x0000000746a00000| Untracked 
| 107|0x0000000746b00000, 0x0000000746b00000, 0x0000000746c00000|  0%| F|  |TAMS 0x0000000746b00000, 0x0000000746b00000| Untracked 
| 108|0x0000000746c00000, 0x0000000746c00000, 0x0000000746d00000|  0%| F|  |TAMS 0x0000000746c00000, 0x0000000746c00000| Untracked 
| 109|0x0000000746d00000, 0x0000000746d00000, 0x0000000746e00000|  0%| F|  |TAMS 0x0000000746d00000, 0x0000000746d00000| Untracked 
| 110|0x0000000746e00000, 0x0000000746e00000, 0x0000000746f00000|  0%| F|  |TAMS 0x0000000746e00000, 0x0000000746e00000| Untracked 
| 111|0x0000000746f00000, 0x0000000746f00000, 0x0000000747000000|  0%| F|  |TAMS 0x0000000746f00000, 0x0000000746f00000| Untracked 
| 112|0x0000000747000000, 0x0000000747000000, 0x0000000747100000|  0%| F|  |TAMS 0x0000000747000000, 0x0000000747000000| Untracked 
| 113|0x0000000747100000, 0x0000000747100000, 0x0000000747200000|  0%| F|  |TAMS 0x0000000747100000, 0x0000000747100000| Untracked 
| 114|0x0000000747200000, 0x0000000747200000, 0x0000000747300000|  0%| F|  |TAMS 0x0000000747200000, 0x0000000747200000| Untracked 
| 115|0x0000000747300000, 0x0000000747300000, 0x0000000747400000|  0%| F|  |TAMS 0x0000000747300000, 0x0000000747300000| Untracked 
| 116|0x0000000747400000, 0x0000000747400000, 0x0000000747500000|  0%| F|  |TAMS 0x0000000747400000, 0x0000000747400000| Untracked 
| 117|0x0000000747500000, 0x0000000747500000, 0x0000000747600000|  0%| F|  |TAMS 0x0000000747500000, 0x0000000747500000| Untracked 
| 118|0x0000000747600000, 0x0000000747600000, 0x0000000747700000|  0%| F|  |TAMS 0x0000000747600000, 0x0000000747600000| Untracked 
| 119|0x0000000747700000, 0x0000000747700000, 0x0000000747800000|  0%| F|  |TAMS 0x0000000747700000, 0x0000000747700000| Untracked 
| 120|0x0000000747800000, 0x0000000747800000, 0x0000000747900000|  0%| F|  |TAMS 0x0000000747800000, 0x0000000747800000| Untracked 
| 121|0x0000000747900000, 0x0000000747900000, 0x0000000747a00000|  0%| F|  |TAMS 0x0000000747900000, 0x0000000747900000| Untracked 
| 122|0x0000000747a00000, 0x0000000747a00000, 0x0000000747b00000|  0%| F|  |TAMS 0x0000000747a00000, 0x0000000747a00000| Untracked 
| 123|0x0000000747b00000, 0x0000000747b00000, 0x0000000747c00000|  0%| F|  |TAMS 0x0000000747b00000, 0x0000000747b00000| Untracked 
| 124|0x0000000747c00000, 0x0000000747c00000, 0x0000000747d00000|  0%| F|  |TAMS 0x0000000747c00000, 0x0000000747c00000| Untracked 
| 125|0x0000000747d00000, 0x0000000747d00000, 0x0000000747e00000|  0%| F|  |TAMS 0x0000000747d00000, 0x0000000747d00000| Untracked 
| 126|0x0000000747e00000, 0x0000000747e00000, 0x0000000747f00000|  0%| F|  |TAMS 0x0000000747e00000, 0x0000000747e00000| Untracked 
| 127|0x0000000747f00000, 0x0000000747f00000, 0x0000000748000000|  0%| F|  |TAMS 0x0000000747f00000, 0x0000000747f00000| Untracked 
| 128|0x0000000748000000, 0x0000000748000000, 0x0000000748100000|  0%| F|  |TAMS 0x0000000748000000, 0x0000000748000000| Untracked 
| 129|0x0000000748100000, 0x0000000748100000, 0x0000000748200000|  0%| F|  |TAMS 0x0000000748100000, 0x0000000748100000| Untracked 
| 130|0x0000000748200000, 0x0000000748200000, 0x0000000748300000|  0%| F|  |TAMS 0x0000000748200000, 0x0000000748200000| Untracked 
| 131|0x0000000748300000, 0x0000000748300000, 0x0000000748400000|  0%| F|  |TAMS 0x0000000748300000, 0x0000000748300000| Untracked 
| 132|0x0000000748400000, 0x0000000748400000, 0x0000000748500000|  0%| F|  |TAMS 0x0000000748400000, 0x0000000748400000| Untracked 
| 133|0x0000000748500000, 0x0000000748500000, 0x0000000748600000|  0%| F|  |TAMS 0x0000000748500000, 0x0000000748500000| Untracked 
| 134|0x0000000748600000, 0x0000000748600000, 0x0000000748700000|  0%| F|  |TAMS 0x0000000748600000, 0x0000000748600000| Untracked 
| 135|0x0000000748700000, 0x0000000748700000, 0x0000000748800000|  0%| F|  |TAMS 0x0000000748700000, 0x0000000748700000| Untracked 
| 136|0x0000000748800000, 0x0000000748800000, 0x0000000748900000|  0%| F|  |TAMS 0x0000000748800000, 0x0000000748800000| Untracked 
| 137|0x0000000748900000, 0x0000000748900000, 0x0000000748a00000|  0%| F|  |TAMS 0x0000000748900000, 0x0000000748900000| Untracked 
| 138|0x0000000748a00000, 0x0000000748a00000, 0x0000000748b00000|  0%| F|  |TAMS 0x0000000748a00000, 0x0000000748a00000| Untracked 
| 139|0x0000000748b00000, 0x0000000748b00000, 0x0000000748c00000|  0%| F|  |TAMS 0x0000000748b00000, 0x0000000748b00000| Untracked 
| 140|0x0000000748c00000, 0x0000000748c00000, 0x0000000748d00000|  0%| F|  |TAMS 0x0000000748c00000, 0x0000000748c00000| Untracked 
| 141|0x0000000748d00000, 0x0000000748d00000, 0x0000000748e00000|  0%| F|  |TAMS 0x0000000748d00000, 0x0000000748d00000| Untracked 
| 142|0x0000000748e00000, 0x0000000748e00000, 0x0000000748f00000|  0%| F|  |TAMS 0x0000000748e00000, 0x0000000748e00000| Untracked 
| 143|0x0000000748f00000, 0x0000000748f00000, 0x0000000749000000|  0%| F|  |TAMS 0x0000000748f00000, 0x0000000748f00000| Untracked 
| 144|0x0000000749000000, 0x0000000749000000, 0x0000000749100000|  0%| F|  |TAMS 0x0000000749000000, 0x0000000749000000| Untracked 
| 145|0x0000000749100000, 0x0000000749100000, 0x0000000749200000|  0%| F|  |TAMS 0x0000000749100000, 0x0000000749100000| Untracked 
| 146|0x0000000749200000, 0x0000000749200000, 0x0000000749300000|  0%| F|  |TAMS 0x0000000749200000, 0x0000000749200000| Untracked 
| 147|0x0000000749300000, 0x0000000749300000, 0x0000000749400000|  0%| F|  |TAMS 0x0000000749300000, 0x0000000749300000| Untracked 
| 148|0x0000000749400000, 0x0000000749400000, 0x0000000749500000|  0%| F|  |TAMS 0x0000000749400000, 0x0000000749400000| Untracked 
| 149|0x0000000749500000, 0x0000000749500000, 0x0000000749600000|  0%| F|  |TAMS 0x0000000749500000, 0x0000000749500000| Untracked 
| 150|0x0000000749600000, 0x0000000749600000, 0x0000000749700000|  0%| F|  |TAMS 0x0000000749600000, 0x0000000749600000| Untracked 
| 151|0x0000000749700000, 0x0000000749700000, 0x0000000749800000|  0%| F|  |TAMS 0x0000000749700000, 0x0000000749700000| Untracked 
| 152|0x0000000749800000, 0x0000000749800000, 0x0000000749900000|  0%| F|  |TAMS 0x0000000749800000, 0x0000000749800000| Untracked 
| 153|0x0000000749900000, 0x0000000749900000, 0x0000000749a00000|  0%| F|  |TAMS 0x0000000749900000, 0x0000000749900000| Untracked 
| 154|0x0000000749a00000, 0x0000000749a00000, 0x0000000749b00000|  0%| F|  |TAMS 0x0000000749a00000, 0x0000000749a00000| Untracked 
| 155|0x0000000749b00000, 0x0000000749b00000, 0x0000000749c00000|  0%| F|  |TAMS 0x0000000749b00000, 0x0000000749b00000| Untracked 
| 156|0x0000000749c00000, 0x0000000749c00000, 0x0000000749d00000|  0%| F|  |TAMS 0x0000000749c00000, 0x0000000749c00000| Untracked 
| 157|0x0000000749d00000, 0x0000000749d00000, 0x0000000749e00000|  0%| F|  |TAMS 0x0000000749d00000, 0x0000000749d00000| Untracked 
| 158|0x0000000749e00000, 0x0000000749e00000, 0x0000000749f00000|  0%| F|  |TAMS 0x0000000749e00000, 0x0000000749e00000| Untracked 
| 159|0x0000000749f00000, 0x0000000749f00000, 0x000000074a000000|  0%| F|  |TAMS 0x0000000749f00000, 0x0000000749f00000| Untracked 
| 160|0x000000074a000000, 0x000000074a000000, 0x000000074a100000|  0%| F|  |TAMS 0x000000074a000000, 0x000000074a000000| Untracked 
| 161|0x000000074a100000, 0x000000074a100000, 0x000000074a200000|  0%| F|  |TAMS 0x000000074a100000, 0x000000074a100000| Untracked 
| 162|0x000000074a200000, 0x000000074a200000, 0x000000074a300000|  0%| F|  |TAMS 0x000000074a200000, 0x000000074a200000| Untracked 
| 163|0x000000074a300000, 0x000000074a300000, 0x000000074a400000|  0%| F|  |TAMS 0x000000074a300000, 0x000000074a300000| Untracked 
| 164|0x000000074a400000, 0x000000074a400000, 0x000000074a500000|  0%| F|  |TAMS 0x000000074a400000, 0x000000074a400000| Untracked 
| 165|0x000000074a500000, 0x000000074a500000, 0x000000074a600000|  0%| F|  |TAMS 0x000000074a500000, 0x000000074a500000| Untracked 
| 166|0x000000074a600000, 0x000000074a600000, 0x000000074a700000|  0%| F|  |TAMS 0x000000074a600000, 0x000000074a600000| Untracked 
| 167|0x000000074a700000, 0x000000074a700000, 0x000000074a800000|  0%| F|  |TAMS 0x000000074a700000, 0x000000074a700000| Untracked 
| 168|0x000000074a800000, 0x000000074a800000, 0x000000074a900000|  0%| F|  |TAMS 0x000000074a800000, 0x000000074a800000| Untracked 
| 169|0x000000074a900000, 0x000000074a900000, 0x000000074aa00000|  0%| F|  |TAMS 0x000000074a900000, 0x000000074a900000| Untracked 
| 170|0x000000074aa00000, 0x000000074aa00000, 0x000000074ab00000|  0%| F|  |TAMS 0x000000074aa00000, 0x000000074aa00000| Untracked 
| 171|0x000000074ab00000, 0x000000074ab00000, 0x000000074ac00000|  0%| F|  |TAMS 0x000000074ab00000, 0x000000074ab00000| Untracked 
| 172|0x000000074ac00000, 0x000000074ac00000, 0x000000074ad00000|  0%| F|  |TAMS 0x000000074ac00000, 0x000000074ac00000| Untracked 
| 173|0x000000074ad00000, 0x000000074ad00000, 0x000000074ae00000|  0%| F|  |TAMS 0x000000074ad00000, 0x000000074ad00000| Untracked 
| 174|0x000000074ae00000, 0x000000074ae00000, 0x000000074af00000|  0%| F|  |TAMS 0x000000074ae00000, 0x000000074ae00000| Untracked 
| 175|0x000000074af00000, 0x000000074af00000, 0x000000074b000000|  0%| F|  |TAMS 0x000000074af00000, 0x000000074af00000| Untracked 
| 176|0x000000074b000000, 0x000000074b000000, 0x000000074b100000|  0%| F|  |TAMS 0x000000074b000000, 0x000000074b000000| Untracked 
| 177|0x000000074b100000, 0x000000074b100000, 0x000000074b200000|  0%| F|  |TAMS 0x000000074b100000, 0x000000074b100000| Untracked 
| 178|0x000000074b200000, 0x000000074b200000, 0x000000074b300000|  0%| F|  |TAMS 0x000000074b200000, 0x000000074b200000| Untracked 
| 179|0x000000074b300000, 0x000000074b3b52d8, 0x000000074b400000| 70%| S|CS|TAMS 0x000000074b300000, 0x000000074b300000| Complete 
| 180|0x000000074b400000, 0x000000074b500000, 0x000000074b500000|100%| S|CS|TAMS 0x000000074b400000, 0x000000074b400000| Complete 
| 181|0x000000074b500000, 0x000000074b500000, 0x000000074b600000|  0%| F|  |TAMS 0x000000074b500000, 0x000000074b500000| Untracked 
| 182|0x000000074b600000, 0x000000074b600000, 0x000000074b700000|  0%| F|  |TAMS 0x000000074b600000, 0x000000074b600000| Untracked 
| 183|0x000000074b700000, 0x000000074b700000, 0x000000074b800000|  0%| F|  |TAMS 0x000000074b700000, 0x000000074b700000| Untracked 
| 184|0x000000074b800000, 0x000000074b800000, 0x000000074b900000|  0%| F|  |TAMS 0x000000074b800000, 0x000000074b800000| Untracked 
| 185|0x000000074b900000, 0x000000074b900000, 0x000000074ba00000|  0%| F|  |TAMS 0x000000074b900000, 0x000000074b900000| Untracked 
| 186|0x000000074ba00000, 0x000000074ba00000, 0x000000074bb00000|  0%| F|  |TAMS 0x000000074ba00000, 0x000000074ba00000| Untracked 
| 187|0x000000074bb00000, 0x000000074bb00000, 0x000000074bc00000|  0%| F|  |TAMS 0x000000074bb00000, 0x000000074bb00000| Untracked 
| 188|0x000000074bc00000, 0x000000074bc00000, 0x000000074bd00000|  0%| F|  |TAMS 0x000000074bc00000, 0x000000074bc00000| Untracked 
| 189|0x000000074bd00000, 0x000000074bd00000, 0x000000074be00000|  0%| F|  |TAMS 0x000000074bd00000, 0x000000074bd00000| Untracked 
| 190|0x000000074be00000, 0x000000074bebec60, 0x000000074bf00000| 74%| E|  |TAMS 0x000000074be00000, 0x000000074be00000| Complete 
| 191|0x000000074bf00000, 0x000000074c000000, 0x000000074c000000|100%| E|CS|TAMS 0x000000074bf00000, 0x000000074bf00000| Complete 

Card table byte_map: [0x000000010dbd6000,0x000000010e1d6000] _byte_map_base: 0x000000010a1d6000

Marking Bits (Prev, Next): (CMBitMap*) 0x00007f8fab831218, (CMBitMap*) 0x00007f8fab831250
 Prev Bits: [0x0000000128bb0000, 0x000000012bbb0000)
 Next Bits: [0x000000012bbb0000, 0x000000012ebb0000)

Polling page: 0x000000010c705000

Metaspace:

Usage:
  Non-class:     11.64 MB capacity,    11.51 MB ( 99%) used,   121.62 KB (  1%) free+waste,    14.81 KB ( <1%) overhead. 
      Class:      1.27 MB capacity,     1.23 MB ( 97%) used,    32.12 KB (  2%) free+waste,     6.12 KB ( <1%) overhead. 
       Both:     12.91 MB capacity,    12.74 MB ( 99%) used,   153.74 KB (  1%) free+waste,    20.94 KB ( <1%) overhead. 

Virtual space:
  Non-class space:       12.00 MB reserved,      11.75 MB ( 98%) committed 
      Class space:        1.00 GB reserved,       1.38 MB ( <1%) committed 
             Both:        1.01 GB reserved,      13.12 MB (  1%) committed 

Chunk freelists:
   Non-Class:  7.12 KB
       Class:  1.75 KB
        Both:  8.88 KB

CodeHeap 'non-profiled nmethods': size=120032Kb used=301Kb max_used=301Kb free=119730Kb
 bounds [0x0000000121678000, 0x00000001218e8000, 0x0000000128bb0000]
CodeHeap 'profiled nmethods': size=120032Kb used=1679Kb max_used=1679Kb free=118352Kb
 bounds [0x000000011a140000, 0x000000011a3b0000, 0x0000000121678000]
CodeHeap 'non-nmethods': size=5696Kb used=1142Kb max_used=1158Kb free=4553Kb
 bounds [0x0000000119bb0000, 0x0000000119e20000, 0x000000011a140000]
 total_blobs=1441 nmethods=874 adapters=301
 compilation: enabled
              stopped_count=0, restarted_count=0
 full_count=0

Compilation events (10 events):
Event: 0.797 Thread 0x00007f8faa82e000 nmethod 866 0x00000001216c1890 code [0x00000001216c1a20, 0x00000001216c1c78]
Event: 0.797 Thread 0x00007f8faa82e000  872       4       sun.net.www.ParseUtil::firstEncodeIndex (86 bytes)
Event: 0.798 Thread 0x00007f8faa82e800 nmethod 870 0x000000011a2dc210 code [0x000000011a2dc520, 0x000000011a2ddaf8]
Event: 0.798 Thread 0x00007f8faa82e800  867       3       sun.reflect.annotation.AnnotationInvocationHandler::asOneOfUs (29 bytes)
Event: 0.799 Thread 0x00007f8faa82e800 nmethod 867 0x000000011a2de210 code [0x000000011a2de520, 0x000000011a2df9d8]
Event: 0.799 Thread 0x00007f8faa82e800  868       3       java.lang.reflect.Proxy::getInvocationHandler (67 bytes)
Event: 0.800 Thread 0x00007f8faa82e000 nmethod 872 0x00000001216c2290 code [0x00000001216c2440, 0x00000001216c2738]
Event: 0.800 Thread 0x00007f8faa82e000  871       4       java.util.concurrent.ConcurrentHashMap::get (162 bytes)
Event: 0.801 Thread 0x00007f8faa82e800 nmethod 868 0x000000011a2e0090 code [0x000000011a2e0540, 0x000000011a2e2f08]
Event: 0.807 Thread 0x00007f8faa82e000 nmethod 871 0x00000001216c2a10 code [0x00000001216c2bc0, 0x00000001216c2f78]

GC Heap History (4 events):
Event: 0.408 GC heap before
{Heap before GC invocations=0 (full 0):
 garbage-first heap   total 196608K, used 13312K [0x0000000740000000, 0x0000000800000000)
  region size 1024K, 14 young (14336K), 0 survivors (0K)
 Metaspace       used 7070K, capacity 7153K, committed 7424K, reserved 1056768K
  class space    used 617K, capacity 661K, committed 768K, reserved 1048576K
}
Event: 0.414 GC heap after
{Heap after GC invocations=1 (full 0):
 garbage-first heap   total 196608K, used 6397K [0x0000000740000000, 0x0000000800000000)
  region size 1024K, 2 young (2048K), 2 survivors (2048K)
 Metaspace       used 7070K, capacity 7153K, committed 7424K, reserved 1056768K
  class space    used 617K, capacity 661K, committed 768K, reserved 1048576K
}
Event: 0.766 GC heap before
{Heap before GC invocations=1 (full 0):
 garbage-first heap   total 196608K, used 16637K [0x0000000740000000, 0x0000000800000000)
  region size 1024K, 13 young (13312K), 2 survivors (2048K)
 Metaspace       used 12740K, capacity 12955K, committed 13184K, reserved 1060864K
  class space    used 1230K, capacity 1296K, committed 1408K, reserved 1048576K
}
Event: 0.776 GC heap after
{Heap after GC invocations=2 (full 0):
 garbage-first heap   total 196608K, used 7993K [0x0000000740000000, 0x0000000800000000)
  region size 1024K, 2 young (2048K), 2 survivors (2048K)
 Metaspace       used 12740K, capacity 12955K, committed 13184K, reserved 1060864K
  class space    used 1230K, capacity 1296K, committed 1408K, reserved 1048576K
}

Deoptimization events (7 events):
Event: 0.217 Thread 0x00007f8fab806000 Uncommon trap: reason=unstable_if action=reinterpret pc=0x000000012167de9c method=java.lang.String.hashCode()I @ 14 c2
Event: 0.276 Thread 0x00007f8fab806000 Uncommon trap: reason=unstable_if action=reinterpret pc=0x000000012168157c method=java.util.zip.ZipFile$Source.isMetaName([BII)Z @ 43 c2
Event: 0.605 Thread 0x00007f8fab806000 Uncommon trap: reason=unstable_if action=reinterpret pc=0x0000000121679574 method=java.lang.String.isLatin1()Z @ 10 c2
Event: 0.608 Thread 0x00007f8fab806000 Uncommon trap: reason=unstable_if action=reinterpret pc=0x000000012167ed7c method=java.lang.String.isLatin1()Z @ 10 c2
Event: 0.692 Thread 0x00007f8fab806000 Uncommon trap: reason=class_check action=maybe_recompile pc=0x0000000121683568 method=java.lang.String.equals(Ljava/lang/Object;)Z @ 8 c2
Event: 0.763 Thread 0x00007f8fab806000 Uncommon trap: reason=unstable_if action=reinterpret pc=0x00000001216bdb58 method=java.util.HashMap.hash(Ljava/lang/Object;)I @ 1 c2
Event: 0.795 Thread 0x00007f8fab806000 Uncommon trap: reason=class_check action=maybe_recompile pc=0x0000000121683568 method=java.lang.String.equals(Ljava/lang/Object;)Z @ 8 c2

Classes redefined (5 events):
Event: 622.444 Thread 0x00007f8fab089000 redefined class name=Request.TC002_POST_Request, count=1
Event: 622.446 Thread 0x00007f8fab089000 redefined class name=QaUtil.TestUtil, count=1
Event: 725.780 Thread 0x00007f8fab089000 redefined class name=QaUtil.TestUtil, count=2
Event: 1027.595 Thread 0x00007f8fab089000 redefined class name=Request.TC002_POST_Request, count=4
Event: 1027.598 Thread 0x00007f8fab089000 redefined class name=QaUtil.TestUtil, count=3

Internal exceptions (10 events):
Event: 0.393 Thread 0x00007f8fab806000 Exception <a 'java/security/PrivilegedActionException'{0x000000074b8ce388}> (0x000000074b8ce388) thrown at [/scratch/mesos/slaves/07fc96ef-bf4d-487f-b22f-a84e49f5f44a-S27799/frameworks/1735e8a2-a1db-478c-8104-60c8b0af87dd-0196/executors/23259148-f5c6-492a
Event: 0.393 Thread 0x00007f8fab806000 Exception <a 'java/security/PrivilegedActionException'{0x000000074b8ce658}> (0x000000074b8ce658) thrown at [/scratch/mesos/slaves/07fc96ef-bf4d-487f-b22f-a84e49f5f44a-S27799/frameworks/1735e8a2-a1db-478c-8104-60c8b0af87dd-0196/executors/23259148-f5c6-492a
Event: 0.416 Thread 0x00007f8fab806000 Exception <a 'java/security/PrivilegedActionException'{0x000000074bf0cfe0}> (0x000000074bf0cfe0) thrown at [/scratch/mesos/slaves/07fc96ef-bf4d-487f-b22f-a84e49f5f44a-S27799/frameworks/1735e8a2-a1db-478c-8104-60c8b0af87dd-0196/executors/23259148-f5c6-492a
Event: 0.416 Thread 0x00007f8fab806000 Exception <a 'java/security/PrivilegedActionException'{0x000000074bf0d2b0}> (0x000000074bf0d2b0) thrown at [/scratch/mesos/slaves/07fc96ef-bf4d-487f-b22f-a84e49f5f44a-S27799/frameworks/1735e8a2-a1db-478c-8104-60c8b0af87dd-0196/executors/23259148-f5c6-492a
Event: 0.529 Thread 0x00007f8fab806000 Exception <a 'java/lang/NoSuchMethodError'{0x000000074bc9d598}: java.lang.invoke.DirectMethodHandle$Holder.invokeStatic(Ljava/lang/Object;Ljava/lang/Object;Ljava/lang/Object;Ljava/lang/Object;Ljava/lang/Object;Ljava/lang/Object;Ljava/lang/Object;Ljava/lan
Event: 0.530 Thread 0x00007f8fab806000 Exception <a 'java/lang/NoSuchMethodError'{0x000000074bcab3c8}: java.lang.invoke.DirectMethodHandle$Holder.invokeStatic(Ljava/lang/Object;Ljava/lang/Object;Ljava/lang/Object;Ljava/lang/Object;Ljava/lang/Object;Ljava/lang/Object;Ljava/lang/Object;Ljava/lan
Event: 0.532 Thread 0x00007f8fab806000 Exception <a 'java/lang/NoSuchMethodError'{0x000000074bcba798}: java.lang.invoke.DirectMethodHandle$Holder.invokeSpecial(Ljava/lang/Object;Ljava/lang/Object;IILjava/lang/Object;Ljava/lang/Object;Ljava/lang/Object;)Ljava/lang/Object;> (0x000000074bcba798) 
Event: 0.532 Thread 0x00007f8fab806000 Exception <a 'java/lang/NoSuchMethodError'{0x000000074bcbdd20}: java.lang.invoke.DelegatingMethodHandle$Holder.reinvoke_L(Ljava/lang/Object;IILjava/lang/Object;Ljava/lang/Object;Ljava/lang/Object;)Ljava/lang/Object;> (0x000000074bcbdd20) thrown at [/scrat
Event: 0.533 Thread 0x00007f8fab806000 Exception <a 'java/lang/NoSuchMethodError'{0x000000074bcc21a0}: java.lang.invoke.DirectMethodHandle$Holder.invokeStatic(Ljava/lang/Object;Ljava/lang/Object;Ljava/lang/Object;Ljava/lang/Object;I)Ljava/lang/Object;> (0x000000074bcc21a0) thrown at [/scratch/
Event: 0.763 Thread 0x00007f8fab806000 Implicit null exception at 0x00000001216bd8f4 to 0x00000001216bdb46

Events (10 events):
Event: 1030.834 Executing VM operation: GetOwnedMonitorInfo done
Event: 1030.834 Executing VM operation: GetCurrentContendedMonitor
Event: 1030.834 Executing VM operation: GetCurrentContendedMonitor done
Event: 1033.325 Executing VM operation: GetCurrentContendedMonitor
Event: 1033.325 Executing VM operation: GetCurrentContendedMonitor done
Event: 1033.325 Executing VM operation: GetOwnedMonitorInfo
Event: 1033.325 Executing VM operation: GetOwnedMonitorInfo done
Event: 1036.431 Executing VM operation: GetFrameLocation
Event: 1036.431 Executing VM operation: GetFrameLocation done
Event: 1036.431 Executing VM operation: GetOrSetLocal


Dynamic libraries:
0x00007fff4bcf3000 	/System/Library/Frameworks/Cocoa.framework/Versions/A/Cocoa
0x00007fff57a97000 	/System/Library/Frameworks/Security.framework/Versions/A/Security
0x00007fff4a986000 	/System/Library/Frameworks/ApplicationServices.framework/Versions/A/ApplicationServices
0x00007fff77b82000 	/usr/lib/libz.1.dylib
0x00007fff754dc000 	/usr/lib/libSystem.B.dylib
0x00007fff4c568000 	/System/Library/Frameworks/CoreFoundation.framework/Versions/A/CoreFoundation
0x00007fff4e7ea000 	/System/Library/Frameworks/Foundation.framework/Versions/C/Foundation
0x00007fff76d13000 	/usr/lib/libobjc.A.dylib
0x00007fff49b7f000 	/System/Library/Frameworks/AppKit.framework/Versions/C/AppKit
0x00007fff4c0f1000 	/System/Library/Frameworks/CoreData.framework/Versions/A/CoreData
0x00007fff6efa2000 	/System/Library/PrivateFrameworks/RemoteViewServices.framework/Versions/A/RemoteViewServices
0x00007fff73219000 	/System/Library/PrivateFrameworks/UIFoundation.framework/Versions/A/UIFoundation
0x00007fff748fd000 	/System/Library/PrivateFrameworks/XCTTargetBootstrap.framework/Versions/A/XCTTargetBootstrap
0x00007fff4c477000 	/System/Library/Frameworks/CoreDisplay.framework/Versions/A/CoreDisplay
0x00007fff69cdc000 	/System/Library/PrivateFrameworks/IconServices.framework/Versions/A/IconServices
0x00007fff5110b000 	/System/Library/Frameworks/Metal.framework/Versions/A/Metal
0x00007fff61221000 	/System/Library/PrivateFrameworks/DesktopServicesPriv.framework/Versions/A/DesktopServicesPriv
0x00007fff76076000 	/usr/lib/libenergytrace.dylib
0x00007fff71700000 	/System/Library/PrivateFrameworks/SkyLight.framework/Versions/A/SkyLight
0x00007fff4c9ae000 	/System/Library/Frameworks/CoreGraphics.framework/Versions/A/CoreGraphics
0x00007fff4894b000 	/System/Library/Frameworks/Accelerate.framework/Versions/A/Accelerate
0x00007fff4ef33000 	/System/Library/Frameworks/IOSurface.framework/Versions/A/IOSurface
0x00007fff6108d000 	/System/Library/PrivateFrameworks/DFRFoundation.framework/Versions/A/DFRFoundation
0x00007fff4ae69000 	/System/Library/Frameworks/AudioToolbox.framework/Versions/A/AudioToolbox
0x00007fff4b0e2000 	/System/Library/Frameworks/AudioUnit.framework/Versions/A/AudioUnit
0x00007fff61122000 	/System/Library/PrivateFrameworks/DataDetectorsCore.framework/Versions/A/DataDetectorsCore
0x00007fff4b7f6000 	/System/Library/Frameworks/Carbon.framework/Versions/A/Frameworks/HIToolbox.framework/Versions/A/HIToolbox
0x00007fff761cf000 	/usr/lib/libicucore.A.dylib
0x00007fff5700a000 	/System/Library/Frameworks/QuartzCore.framework/Versions/A/QuartzCore
0x00007fff4bbcb000 	/System/Library/Frameworks/Carbon.framework/Versions/A/Frameworks/SpeechRecognition.framework/Versions/A/SpeechRecognition
0x00007fff75630000 	/usr/lib/libauto.dylib
0x00007fff77a76000 	/usr/lib/libxml2.2.dylib
0x00007fff60c68000 	/System/Library/PrivateFrameworks/CoreUI.framework/Versions/A/CoreUI
0x00007fff4bfdc000 	/System/Library/Frameworks/CoreAudio.framework/Versions/A/CoreAudio
0x00007fff4e61f000 	/System/Library/Frameworks/DiskArbitration.framework/Versions/A/DiskArbitration
0x00007fff7647d000 	/usr/lib/liblangid.dylib
0x00007fff6b0e7000 	/System/Library/PrivateFrameworks/MultitouchSupport.framework/Versions/A/MultitouchSupport
0x00007fff4eea2000 	/System/Library/Frameworks/IOKit.framework/Versions/A/IOKit
0x00007fff7509c000 	/usr/lib/libDiagnosticMessagesClient.dylib
0x00007fff4d7bd000 	/System/Library/Frameworks/CoreServices.framework/Versions/A/CoreServices
0x00007fff6cda1000 	/System/Library/PrivateFrameworks/PerformanceAnalysis.framework/Versions/A/PerformanceAnalysis
0x00007fff561f8000 	/System/Library/Frameworks/OpenGL.framework/Versions/A/OpenGL
0x00007fff4bd01000 	/System/Library/Frameworks/ColorSync.framework/Versions/A/ColorSync
0x00007fff4d03f000 	/System/Library/Frameworks/CoreImage.framework/Versions/A/CoreImage
0x00007fff4e195000 	/System/Library/Frameworks/CoreText.framework/Versions/A/CoreText
0x00007fff4ef96000 	/System/Library/Frameworks/ImageIO.framework/Versions/A/ImageIO
0x00007fff5d2ba000 	/System/Library/PrivateFrameworks/Backup.framework/Versions/A/Backup
0x00007fff75583000 	/usr/lib/libarchive.2.dylib
0x00007fff4b43b000 	/System/Library/Frameworks/CFNetwork.framework/Versions/A/CFNetwork
0x00007fff581f3000 	/System/Library/Frameworks/SystemConfiguration.framework/Versions/A/SystemConfiguration
0x00007fff74fcd000 	/usr/lib/libCRFSuite.dylib
0x00007fff7571f000 	/usr/lib/libc++.1.dylib
0x00007fff75773000 	/usr/lib/libc++abi.dylib
0x00007fff78378000 	/usr/lib/system/libcache.dylib
0x00007fff7837d000 	/usr/lib/system/libcommonCrypto.dylib
0x00007fff78388000 	/usr/lib/system/libcompiler_rt.dylib
0x00007fff78390000 	/usr/lib/system/libcopyfile.dylib
0x00007fff7839a000 	/usr/lib/system/libcorecrypto.dylib
0x00007fff784a5000 	/usr/lib/system/libdispatch.dylib
0x00007fff784df000 	/usr/lib/system/libdyld.dylib
0x00007fff7850c000 	/usr/lib/system/libkeymgr.dylib
0x00007fff7851a000 	/usr/lib/system/liblaunch.dylib
0x00007fff7851b000 	/usr/lib/system/libmacho.dylib
0x00007fff78521000 	/usr/lib/system/libquarantine.dylib
0x00007fff78524000 	/usr/lib/system/libremovefile.dylib
0x00007fff78526000 	/usr/lib/system/libsystem_asl.dylib
0x00007fff7853e000 	/usr/lib/system/libsystem_blocks.dylib
0x00007fff7853f000 	/usr/lib/system/libsystem_c.dylib
0x00007fff785c7000 	/usr/lib/system/libsystem_configuration.dylib
0x00007fff785cb000 	/usr/lib/system/libsystem_coreservices.dylib
0x00007fff785cf000 	/usr/lib/system/libsystem_darwin.dylib
0x00007fff785d6000 	/usr/lib/system/libsystem_dnssd.dylib
0x00007fff785dd000 	/usr/lib/system/libsystem_info.dylib
0x00007fff78652000 	/usr/lib/system/libsystem_m.dylib
0x00007fff7869e000 	/usr/lib/system/libsystem_malloc.dylib
0x00007fff786c9000 	/usr/lib/system/libsystem_networkextension.dylib
0x00007fff786d4000 	/usr/lib/system/libsystem_notify.dylib
0x00007fff786f1000 	/usr/lib/system/libsystem_sandbox.dylib
0x00007fff786f5000 	/usr/lib/system/libsystem_secinit.dylib
0x00007fff78629000 	/usr/lib/system/libsystem_kernel.dylib
0x00007fff786dc000 	/usr/lib/system/libsystem_platform.dylib
0x00007fff786e6000 	/usr/lib/system/libsystem_pthread.dylib
0x00007fff786f8000 	/usr/lib/system/libsystem_symptoms.dylib
0x00007fff78700000 	/usr/lib/system/libsystem_trace.dylib
0x00007fff78717000 	/usr/lib/system/libunwind.dylib
0x00007fff7871d000 	/usr/lib/system/libxpc.dylib
0x00007fff75700000 	/usr/lib/libbsm.0.dylib
0x00007fff7850d000 	/usr/lib/system/libkxld.dylib
0x00007fff5c6ab000 	/System/Library/PrivateFrameworks/AppleFSCompression.framework/Versions/A/AppleFSCompression
0x00007fff7539c000 	/usr/lib/libOpenScriptingUtil.dylib
0x00007fff75a28000 	/usr/lib/libcoretls.dylib
0x00007fff75a3f000 	/usr/lib/libcoretls_cfhelpers.dylib
0x00007fff774aa000 	/usr/lib/libpam.2.dylib
0x00007fff7766a000 	/usr/lib/libsqlite3.dylib
0x00007fff77a64000 	/usr/lib/libxar.1.dylib
0x00007fff75711000 	/usr/lib/libbz2.1.0.dylib
0x00007fff7647f000 	/usr/lib/liblzma.5.dylib
0x00007fff76930000 	/usr/lib/libnetwork.dylib
0x00007fff7556c000 	/usr/lib/libapple_nghttp2.dylib
0x00007fff774b1000 	/usr/lib/libpcap.A.dylib
0x00007fff4db5c000 	/System/Library/Frameworks/CoreServices.framework/Versions/A/Frameworks/FSEvents.framework/Versions/A/FSEvents
0x00007fff4d83b000 	/System/Library/Frameworks/CoreServices.framework/Versions/A/Frameworks/CarbonCore.framework/Versions/A/CarbonCore
0x00007fff4dd17000 	/System/Library/Frameworks/CoreServices.framework/Versions/A/Frameworks/Metadata.framework/Versions/A/Metadata
0x00007fff4ddb6000 	/System/Library/Frameworks/CoreServices.framework/Versions/A/Frameworks/OSServices.framework/Versions/A/OSServices
0x00007fff4de01000 	/System/Library/Frameworks/CoreServices.framework/Versions/A/Frameworks/SearchKit.framework/Versions/A/SearchKit
0x00007fff4d7be000 	/System/Library/Frameworks/CoreServices.framework/Versions/A/Frameworks/AE.framework/Versions/A/AE
0x00007fff4db65000 	/System/Library/Frameworks/CoreServices.framework/Versions/A/Frameworks/LaunchServices.framework/Versions/A/LaunchServices
0x00007fff4db13000 	/System/Library/Frameworks/CoreServices.framework/Versions/A/Frameworks/DictionaryServices.framework/Versions/A/DictionaryServices
0x00007fff4de69000 	/System/Library/Frameworks/CoreServices.framework/Versions/A/Frameworks/SharedFileList.framework/Versions/A/SharedFileList
0x00007fff521d3000 	/System/Library/Frameworks/NetFS.framework/Versions/A/NetFS
0x00007fff6b34d000 	/System/Library/PrivateFrameworks/NetAuth.framework/Versions/A/NetAuth
0x00007fff74d01000 	/System/Library/PrivateFrameworks/login.framework/Versions/A/Frameworks/loginsupport.framework/Versions/A/loginsupport
0x00007fff72e22000 	/System/Library/PrivateFrameworks/TCC.framework/Versions/A/TCC
0x00007fff602c5000 	/System/Library/PrivateFrameworks/CoreNLP.framework/Versions/A/CoreNLP
0x00007fff6ade2000 	/System/Library/PrivateFrameworks/MetadataUtilities.framework/Versions/A/MetadataUtilities
0x00007fff76554000 	/usr/lib/libmecabra.dylib
0x00007fff4a987000 	/System/Library/Frameworks/ApplicationServices.framework/Versions/A/Frameworks/ATS.framework/Versions/A/ATS
0x00007fff4acd6000 	/System/Library/Frameworks/ApplicationServices.framework/Versions/A/Frameworks/ColorSyncLegacy.framework/Versions/A/ColorSyncLegacy
0x00007fff4ad75000 	/System/Library/Frameworks/ApplicationServices.framework/Versions/A/Frameworks/HIServices.framework/Versions/A/HIServices
0x00007fff4adc8000 	/System/Library/Frameworks/ApplicationServices.framework/Versions/A/Frameworks/LangAnalysis.framework/Versions/A/LangAnalysis
0x00007fff4add8000 	/System/Library/Frameworks/ApplicationServices.framework/Versions/A/Frameworks/PrintCore.framework/Versions/A/PrintCore
0x00007fff4ae22000 	/System/Library/Frameworks/ApplicationServices.framework/Versions/A/Frameworks/QD.framework/Versions/A/QD
0x00007fff4ae5c000 	/System/Library/Frameworks/ApplicationServices.framework/Versions/A/Frameworks/SpeechSynthesis.framework/Versions/A/SpeechSynthesis
0x00007fff7579b000 	/usr/lib/libcompression.dylib
0x00007fff513db000 	/System/Library/Frameworks/MetalPerformanceShaders.framework/Versions/A/MetalPerformanceShaders
0x00007fff48963000 	/System/Library/Frameworks/Accelerate.framework/Versions/A/Frameworks/vImage.framework/Versions/A/vImage
0x00007fff499dd000 	/System/Library/Frameworks/Accelerate.framework/Versions/A/Frameworks/vecLib.framework/Versions/A/vecLib
0x00007fff49929000 	/System/Library/Frameworks/Accelerate.framework/Versions/A/Frameworks/vecLib.framework/Versions/A/libvMisc.dylib
0x00007fff49741000 	/System/Library/Frameworks/Accelerate.framework/Versions/A/Frameworks/vecLib.framework/Versions/A/libvDSP.dylib
0x00007fff48ffd000 	/System/Library/Frameworks/Accelerate.framework/Versions/A/Frameworks/vecLib.framework/Versions/A/libBLAS.dylib
0x00007fff492ea000 	/System/Library/Frameworks/Accelerate.framework/Versions/A/Frameworks/vecLib.framework/Versions/A/libLAPACK.dylib
0x00007fff49694000 	/System/Library/Frameworks/Accelerate.framework/Versions/A/Frameworks/vecLib.framework/Versions/A/libLinearAlgebra.dylib
0x00007fff4972d000 	/System/Library/Frameworks/Accelerate.framework/Versions/A/Frameworks/vecLib.framework/Versions/A/libSparseBLAS.dylib
0x00007fff496aa000 	/System/Library/Frameworks/Accelerate.framework/Versions/A/Frameworks/vecLib.framework/Versions/A/libQuadrature.dylib
0x00007fff49277000 	/System/Library/Frameworks/Accelerate.framework/Versions/A/Frameworks/vecLib.framework/Versions/A/libBNNS.dylib
0x00007fff496b0000 	/System/Library/Frameworks/Accelerate.framework/Versions/A/Frameworks/vecLib.framework/Versions/A/libSparse.dylib
0x00007fff67613000 	/System/Library/PrivateFrameworks/GPUWrangler.framework/Versions/A/GPUWrangler
0x00007fff69911000 	/System/Library/PrivateFrameworks/IOAccelerator.framework/Versions/A/IOAccelerator
0x00007fff6991c000 	/System/Library/PrivateFrameworks/IOPresentment.framework/Versions/A/IOPresentment
0x00007fff6109d000 	/System/Library/PrivateFrameworks/DSExternalDisplay.framework/Versions/A/DSExternalDisplay
0x00007fff5564f000 	/System/Library/Frameworks/OpenGL.framework/Versions/A/Libraries/libCoreFSCache.dylib
0x00007fff511cf000 	/System/Library/Frameworks/MetalPerformanceShaders.framework/Frameworks/MPSCore.framework/Versions/A/MPSCore
0x00007fff511ef000 	/System/Library/Frameworks/MetalPerformanceShaders.framework/Frameworks/MPSImage.framework/Versions/A/MPSImage
0x00007fff51294000 	/System/Library/Frameworks/MetalPerformanceShaders.framework/Frameworks/MPSNeuralNetwork.framework/Versions/A/MPSNeuralNetwork
0x00007fff5126c000 	/System/Library/Frameworks/MetalPerformanceShaders.framework/Frameworks/MPSMatrix.framework/Versions/A/MPSMatrix
0x00007fff513c0000 	/System/Library/Frameworks/MetalPerformanceShaders.framework/Frameworks/MPSRayIntersector.framework/Versions/A/MPSRayIntersector
0x00007fff6ae0b000 	/System/Library/PrivateFrameworks/MetalTools.framework/Versions/A/MetalTools
0x00007fff5bf55000 	/System/Library/PrivateFrameworks/AggregateDictionary.framework/Versions/A/AggregateDictionary
0x00007fff7537c000 	/usr/lib/libMobileGestalt.dylib
0x00007fff4e2f8000 	/System/Library/Frameworks/CoreVideo.framework/Versions/A/CoreVideo
0x00007fff68424000 	/System/Library/PrivateFrameworks/GraphVisualizer.framework/Versions/A/GraphVisualizer
0x00007fff622a3000 	/System/Library/PrivateFrameworks/FaceCore.framework/Versions/A/FaceCore
0x00007fff54c7d000 	/System/Library/Frameworks/OpenCL.framework/Versions/A/OpenCL
0x00007fff750d4000 	/usr/lib/libFosl_dynamic.dylib
0x00007fff6bbb8000 	/System/Library/PrivateFrameworks/OTSVG.framework/Versions/A/OTSVG
0x00007fff4aa8b000 	/System/Library/Frameworks/ApplicationServices.framework/Versions/A/Frameworks/ATS.framework/Versions/A/Resources/libFontParser.dylib
0x00007fff4aba3000 	/System/Library/Frameworks/ApplicationServices.framework/Versions/A/Frameworks/ATS.framework/Versions/A/Resources/libFontRegistry.dylib
0x00007fff4f204000 	/System/Library/Frameworks/ImageIO.framework/Versions/A/Resources/libJPEG.dylib
0x00007fff4f516000 	/System/Library/Frameworks/ImageIO.framework/Versions/A/Resources/libTIFF.dylib
0x00007fff4f4ec000 	/System/Library/Frameworks/ImageIO.framework/Versions/A/Resources/libPng.dylib
0x00007fff4f122000 	/System/Library/Frameworks/ImageIO.framework/Versions/A/Resources/libGIF.dylib
0x00007fff4f127000 	/System/Library/Frameworks/ImageIO.framework/Versions/A/Resources/libJP2.dylib
0x00007fff4f513000 	/System/Library/Frameworks/ImageIO.framework/Versions/A/Resources/libRadiance.dylib
0x00007fff5c802000 	/System/Library/PrivateFrameworks/AppleJPEG.framework/Versions/A/AppleJPEG
0x00007fff5565a000 	/System/Library/Frameworks/OpenGL.framework/Versions/A/Libraries/libGFXShared.dylib
0x00007fff5581d000 	/System/Library/Frameworks/OpenGL.framework/Versions/A/Libraries/libGLU.dylib
0x00007fff55663000 	/System/Library/Frameworks/OpenGL.framework/Versions/A/Libraries/libGL.dylib
0x00007fff5566f000 	/System/Library/Frameworks/OpenGL.framework/Versions/A/Libraries/libGLImage.dylib
0x00007fff5564c000 	/System/Library/Frameworks/OpenGL.framework/Versions/A/Libraries/libCVMSPluginSupport.dylib
0x00007fff55655000 	/System/Library/Frameworks/OpenGL.framework/Versions/A/Libraries/libCoreVMClient.dylib
0x00007fff75eec000 	/usr/lib/libcups.2.dylib
0x00007fff506d6000 	/System/Library/Frameworks/Kerberos.framework/Versions/A/Kerberos
0x00007fff4ec06000 	/System/Library/Frameworks/GSS.framework/Versions/A/GSS
0x00007fff775ff000 	/usr/lib/libresolv.9.dylib
0x00007fff760de000 	/usr/lib/libiconv.2.dylib
0x00007fff68599000 	/System/Library/PrivateFrameworks/Heimdal.framework/Versions/A/Heimdal
0x00007fff760ae000 	/usr/lib/libheimdal-asn1.dylib
0x00007fff54cf1000 	/System/Library/Frameworks/OpenDirectory.framework/Versions/A/OpenDirectory
0x00007fff5f028000 	/System/Library/PrivateFrameworks/CommonAuth.framework/Versions/A/CommonAuth
0x00007fff54cd5000 	/System/Library/Frameworks/OpenDirectory.framework/Versions/A/Frameworks/CFOpenDirectory.framework/Versions/A/CFOpenDirectory
0x00007fff57d98000 	/System/Library/Frameworks/SecurityFoundation.framework/Versions/A/SecurityFoundation
0x00007fff5b49c000 	/System/Library/PrivateFrameworks/APFS.framework/Versions/A/APFS
0x00007fff77a60000 	/usr/lib/libutil.dylib
0x00007fff75789000 	/usr/lib/libcharset.1.dylib
0x00007fff5ca9f000 	/System/Library/PrivateFrameworks/AppleSauce.framework/Versions/A/AppleSauce
0x00007fff5cc20000 	/System/Library/PrivateFrameworks/AssertionServices.framework/Versions/A/AssertionServices
0x00007fff5d350000 	/System/Library/PrivateFrameworks/BaseBoard.framework/Versions/A/BaseBoard
0x00007fff764af000 	/usr/lib/libmecab.1.0.0.dylib
0x00007fff760a8000 	/usr/lib/libgermantok.dylib
0x00007fff75559000 	/usr/lib/libThaiTokenizer.dylib
0x00007fff75004000 	/usr/lib/libChineseTokenizer.dylib
0x00007fff69fc9000 	/System/Library/PrivateFrameworks/LanguageModeling.framework/Versions/A/LanguageModeling
0x00007fff5fd0a000 	/System/Library/PrivateFrameworks/CoreEmoji.framework/Versions/A/CoreEmoji
0x00007fff6a0a5000 	/System/Library/PrivateFrameworks/Lexicon.framework/Versions/A/Lexicon
0x00007fff6a0e8000 	/System/Library/PrivateFrameworks/LinguisticData.framework/Versions/A/LinguisticData
0x00007fff7578a000 	/usr/lib/libcmph.dylib
0x00007fff57e56000 	/System/Library/Frameworks/ServiceManagement.framework/Versions/A/ServiceManagement
0x00007fff5d2b1000 	/System/Library/PrivateFrameworks/BackgroundTaskManagement.framework/Versions/A/BackgroundTaskManagement
0x00007fff77b59000 	/usr/lib/libxslt.1.dylib
0x00007fff4baf8000 	/System/Library/Frameworks/Carbon.framework/Versions/A/Frameworks/Ink.framework/Versions/A/Ink
0x00007fff73094000 	/System/Library/PrivateFrameworks/TextureIO.framework/Versions/A/TextureIO
0x00007fff755ad000 	/usr/lib/libate.dylib
0x00007fff60fec000 	/System/Library/PrivateFrameworks/CrashReporterSupport.framework/Versions/A/CrashReporterSupport
0x00007fff707ce000 	/System/Library/PrivateFrameworks/Sharing.framework/Versions/A/Sharing
0x00007fff5d003000 	/System/Library/PrivateFrameworks/AuthKit.framework/Versions/A/AuthKit
0x00007fff5c557000 	/System/Library/PrivateFrameworks/Apple80211.framework/Versions/A/Apple80211
0x00007fff60d94000 	/System/Library/PrivateFrameworks/CoreUtils.framework/Versions/A/CoreUtils
0x00007fff4e339000 	/System/Library/Frameworks/CoreWLAN.framework/Versions/A/CoreWLAN
0x00007fff4ed35000 	/System/Library/Frameworks/IOBluetooth.framework/Versions/A/IOBluetooth
0x00007fff6ec42000 	/System/Library/PrivateFrameworks/ProtocolBuffer.framework/Versions/A/ProtocolBuffer
0x00007fff6b043000 	/System/Library/PrivateFrameworks/MobileKeyBag.framework/Versions/A/MobileKeyBag
0x00007fff605d8000 	/System/Library/PrivateFrameworks/CorePhoneNumbers.framework/Versions/A/CorePhoneNumbers
0x00007fff5c7b6000 	/System/Library/PrivateFrameworks/AppleIDAuthSupport.framework/Versions/A/AppleIDAuthSupport
0x00007fff69f9c000 	/System/Library/PrivateFrameworks/KeychainCircle.framework/Versions/A/KeychainCircle
0x00007fff6edf8000 	/System/Library/PrivateFrameworks/ROCKit.framework/Versions/A/ROCKit
0x00007fff60f88000 	/System/Library/PrivateFrameworks/CoreWiFi.framework/Versions/A/CoreWiFi
0x00007fff4c0c6000 	/System/Library/Frameworks/CoreBluetooth.framework/Versions/A/CoreBluetooth
0x00007fff611e3000 	/System/Library/PrivateFrameworks/DebugSymbols.framework/Versions/A/DebugSymbols
0x00007fff60b54000 	/System/Library/PrivateFrameworks/CoreSymbolication.framework/Versions/A/CoreSymbolication
0x00007fff728af000 	/System/Library/PrivateFrameworks/Symbolication.framework/Versions/A/Symbolication
0x00007fff72152000 	/System/Library/PrivateFrameworks/SpeechRecognitionCore.framework/Versions/A/SpeechRecognitionCore
0x000000010b96c000 	/Library/Java/JavaVirtualMachines/jdk-11.0.2.jdk/Contents/Home/lib/server/libjvm.dylib
0x000000010c6b5000 	/Library/Java/JavaVirtualMachines/jdk-11.0.2.jdk/Contents/Home/lib/libverify.dylib
0x000000010c6c1000 	/Library/Java/JavaVirtualMachines/jdk-11.0.2.jdk/Contents/Home/lib/libjava.dylib
0x000000010c707000 	/Library/Java/JavaVirtualMachines/jdk-11.0.2.jdk/Contents/Home/lib/libjdwp.dylib
0x000000010c787000 	/Library/Java/JavaVirtualMachines/jdk-11.0.2.jdk/Contents/Home/lib/libzip.dylib
0x000000010c78f000 	/Library/Java/JavaVirtualMachines/jdk-11.0.2.jdk/Contents/Home/lib/libjimage.dylib
0x0000000111588000 	/Library/Java/JavaVirtualMachines/jdk-11.0.2.jdk/Contents/Home/lib/libdt_socket.dylib
0x000000011158e000 	/Library/Java/JavaVirtualMachines/jdk-11.0.2.jdk/Contents/Home/lib/libnio.dylib
0x000000011159c000 	/Library/Java/JavaVirtualMachines/jdk-11.0.2.jdk/Contents/Home/lib/./libnet.dylib
0x0000000111682000 	/Library/Java/JavaVirtualMachines/jdk-11.0.2.jdk/Contents/Home/lib/libextnet.dylib


VM Arguments:
jvm_args: -agentlib:jdwp=transport=dt_socket,suspend=y,address=localhost:53026 -ea -Dfile.encoding=UTF-8 
java_command: org.testng.remote.RemoteTestNG -serport 53025 -protocol json -d /Users/perry.gami/eclipse/My Automation/Cloud/APITestingRestassured/test-output /var/folders/_b/ztl7v0w10p70ljr10hyfzv8w0000gp/T/testng-eclipse-2065361062/testng-customsuite.xml
java_class_path (initial): /Applications/Eclipse.app/Contents/Eclipse/configuration/org.eclipse.osgi/949/0/.cp/lib/testng-remote.jar:/Users/perry.gami/eclipse/My Automation/Cloud/APITestingRestassured/target/test-classes:/Users/perry.gami/eclipse/My Automation/Cloud/APITestingRestassured/target/classes:/Users/perry.gami/.m2/repository/junit/junit/3.8.1/junit-3.8.1.jar:/Users/perry.gami/.m2/repository/org/apache/poi/poi-ooxml-schemas/3.6/poi-ooxml-schemas-3.6.jar:/Users/perry.gami/.m2/repository/org/apache/geronimo/specs/geronimo-stax-api_1.0_spec/1.0/geronimo-stax-api_1.0_spec-1.0.jar:/Users/perry.gami/.m2/repository/dom4j/dom4j/1.1/dom4j-1.1.jar:/Users/perry.gami/.m2/repository/org/apache/xmlbeans/xmlbeans/2.3.0/xmlbeans-2.3.0.jar:/Users/perry.gami/.m2/repository/stax/stax-api/1.0.1/stax-api-1.0.1.jar:/Users/perry.gami/.m2/repository/org/seleniumhq/selenium/selenium-java/3.141.59/selenium-java-3.141.59.jar:/Users/perry.gami/.m2/repository/org/seleniumhq/selenium/selenium-api/3.141.59/selenium-api-3.141.59.jar:/Users/perry.gami/.m2/repository/org/seleniumhq/selenium/selenium-chrome-driver/3.141.59/selenium-chrome-driver-3.141.59.jar:/Users/perry.gami/.m2/repository/org/seleniumhq/selenium/selenium-edge-driver/3.141.59/selenium-edge-driver-3.141.59.jar:/Users/perry.gami/.m2/repository/org/seleniumhq/selenium/selenium-firefox-driver/3.141.59/selenium-firefox-driver-3.141.59.jar:/Users/perry.gami/.m2/repository/org/seleniumhq/selenium/selenium-ie-driver/3.141.59/selenium-ie-driver-3.141.59.jar:/Users/perry.gami/.m2/repository/org/seleniumhq/selenium/selenium-opera-driver/3.141.59/selenium-opera-driver-3.141.59.jar:/Users/perry.gami/.m2/repository/org/seleniumhq/selenium/selenium-remote-driver/3.141.59/selenium-remote-driver-3.141.59.jar:/Users/perry.gami/.m2/repository/org/seleniumhq/selenium/selenium-safari-driver/3.141.59/selenium-safari-driver-3.141.59.jar:/Users/perry.gami/.m2/repository/org/seleniumhq/selenium/selenium-support/3.141.59/selenium-support-3.141.59.
Launcher Type: SUN_STANDARD

[Global flags]
     intx CICompilerCount                          = 3                                         {product} {ergonomic}
     uint ConcGCThreads                            = 1                                         {product} {ergonomic}
     uint G1ConcRefinementThreads                  = 4                                         {product} {ergonomic}
   size_t G1HeapRegionSize                         = 1048576                                   {product} {ergonomic}
    uintx GCDrainStackTargetSize                   = 64                                        {product} {ergonomic}
   size_t InitialHeapSize                          = 201326592                                 {product} {ergonomic}
   size_t MarkStackSize                            = 4194304                                   {product} {ergonomic}
   size_t MaxHeapSize                              = 3221225472                                {product} {ergonomic}
   size_t MaxNewSize                               = 1932525568                                {product} {ergonomic}
   size_t MinHeapDeltaBytes                        = 1048576                                   {product} {ergonomic}
    uintx NonNMethodCodeHeapSize                   = 5830092                                {pd product} {ergonomic}
    uintx NonProfiledCodeHeapSize                  = 122914074                              {pd product} {ergonomic}
    uintx ProfiledCodeHeapSize                     = 122914074                              {pd product} {ergonomic}
    uintx ReservedCodeCacheSize                    = 251658240                              {pd product} {ergonomic}
     bool SegmentedCodeCache                       = true                                      {product} {ergonomic}
     bool UseCompressedClassPointers               = true                                 {lp64_product} {ergonomic}
     bool UseCompressedOops                        = true                                 {lp64_product} {ergonomic}
     bool UseG1GC                                  = true                                      {product} {ergonomic}

Logging:
Log output configuration:
 #0: stdout all=warning uptime,level,tags
 #1: stderr all=off uptime,level,tags

Environment Variables:
PATH=/usr/bin:/bin:/usr/sbin:/sbin
SHELL=/bin/bash

Signal Handlers:
SIGSEGV: [libjvm.dylib+0x740190], sa_mask[0]=11111111011111110111111111111111, sa_flags=SA_ONSTACK|SA_RESTART|SA_SIGINFO
SIGBUS: [libjvm.dylib+0x740190], sa_mask[0]=11111111011111110111111111111111, sa_flags=SA_RESTART|SA_SIGINFO
SIGFPE: [libjvm.dylib+0x740190], sa_mask[0]=11111111011111110111111111111111, sa_flags=SA_RESTART|SA_SIGINFO
SIGPIPE: [libjvm.dylib+0x5f2e42], sa_mask[0]=11111111011111110111111111111111, sa_flags=SA_RESTART|SA_SIGINFO
SIGXFSZ: [libjvm.dylib+0x5f2e42], sa_mask[0]=11111111011111110111111111111111, sa_flags=SA_RESTART|SA_SIGINFO
SIGILL: [libjvm.dylib+0x740190], sa_mask[0]=11111111011111110111111111111111, sa_flags=SA_RESTART|SA_SIGINFO
SIGUSR2: [libjvm.dylib+0x5f3427], sa_mask[0]=00100000000000000000000000000000, sa_flags=SA_RESTART|SA_SIGINFO
SIGHUP: [libjvm.dylib+0x5f1e83], sa_mask[0]=11111111011111110111111111111111, sa_flags=SA_RESTART|SA_SIGINFO
SIGINT: [libjvm.dylib+0x5f1e83], sa_mask[0]=11111111011111110111111111111111, sa_flags=SA_RESTART|SA_SIGINFO
SIGTERM: [libjvm.dylib+0x5f1e83], sa_mask[0]=11111111011111110111111111111111, sa_flags=SA_RESTART|SA_SIGINFO
SIGQUIT: [libjvm.dylib+0x5f1e83], sa_mask[0]=11111111011111110111111111111111, sa_flags=SA_RESTART|SA_SIGINFO


---------------  S Y S T E M  ---------------

OS:uname:Darwin 18.7.0 Darwin Kernel Version 18.7.0: Thu Jun 20 18:42:21 PDT 2019; root:xnu-4903.270.47~4/RELEASE_X86_64 x86_64
rlimit: STACK 8192k, CORE 0k, NPROC 1064, NOFILE 10240, AS infinity, DATA infinity, FSIZE infinity
load average:2.43 2.46 2.15

CPU:total 4 (initial active 4) (4 cores per cpu, 1 threads per core) family 6 model 158 stepping 11, cmov, cx8, fxsr, mmx, sse, sse2, sse3, ssse3, sse4.1, sse4.2, popcnt, avx, avx2, aes, clmul, erms, 3dnowpref, lzcnt, tsc, tscinvbit, bmi1, bmi2, adx, fma

Memory: 4k page, physical 12582912k(122700k free)

vm_info: Java HotSpot(TM) 64-Bit Server VM (11.0.2+9-LTS) for bsd-amd64 JRE (11.0.2+9-LTS), built on Jan 18 2019 08:16:46 by "mach5one" with gcc 4.2.1 Compatible Apple LLVM 9.1.0 (clang-902.0.39.2)

END.
